六月 12, 2014 7:28:05 下午 org.eclipse.birt.chart.device.swt.SwtDisplayServer <init>
INFO: SWT Display Server: win32 v3,659
六月 12, 2014 7:28:05 下午 org.eclipse.birt.chart.device.swt.SwtDisplayServer <init>
INFO: SWT Display Server: win32 v3,659
六月 12, 2014 7:28:06 下午 org.eclipse.birt.chart.device.swt.SwtDisplayServer <init>
INFO: SWT Display Server: win32 v3,659
六月 12, 2014 7:28:06 下午 org.eclipse.birt.chart.device.swt.SwtDisplayServer <init>
INFO: SWT Display Server: win32 v3,659
六月 12, 2014 7:28:06 下午 org.eclipse.birt.chart.device.swt.SwtDisplayServer <init>
INFO: SWT Display Server: win32 v3,659
六月 12, 2014 7:28:06 下午 org.eclipse.birt.chart.device.swt.R31Enhance <clinit>
INFO: Advanced SWT graphics functions enabled.
六月 12, 2014 7:28:06 下午 org.eclipse.birt.chart.device.swt.R31Enhance <clinit>
INFO: Advanced SWT graphics functions enabled.
六月 12, 2014 7:28:06 下午 org.eclipse.birt.chart.device.swt.R31Enhance <clinit>
INFO: Advanced SWT graphics functions enabled.
六月 12, 2014 7:28:06 下午 org.eclipse.birt.chart.device.swt.R31Enhance <clinit>
INFO: Advanced SWT graphics functions enabled.
六月 12, 2014 7:28:06 下午 org.eclipse.birt.chart.device.swt.SwtRendererImpl setProperty
INFO: Using graphics context org.eclipse.swt.graphics.GC@GC {536952403}
六月 12, 2014 7:28:06 下午 org.eclipse.birt.chart.device.swt.SwtRendererImpl setProperty
INFO: Using graphics context org.eclipse.swt.graphics.GC@GC {536952403}
六月 12, 2014 7:28:06 下午 org.eclipse.birt.chart.device.swt.SwtRendererImpl setProperty
INFO: Using graphics context org.eclipse.swt.graphics.GC@GC {536952403}
六月 12, 2014 7:28:06 下午 org.eclipse.birt.chart.device.swt.SwtRendererImpl setProperty
INFO: Using graphics context org.eclipse.swt.graphics.GC@GC {536952403}
六月 12, 2014 7:28:06 下午 org.eclipse.birt.chart.script.AbstractScriptHandler register
INFO: Trying to load Chart Java event handler class...
六月 12, 2014 7:28:06 下午 org.eclipse.birt.chart.script.AbstractScriptHandler register
INFO: A Chart Java event handler class [class org.eclipse.mat.impl.chart.StorageUnitRenderScript] has been loaded successfully.
六月 12, 2014 7:28:07 下午 org.eclipse.birt.chart.render.EmptyWithoutAxes renderSeries
INFO: org.eclipse.birt.chart.render.EmptyWithoutAxes: renderSeries() [1/2]
六月 12, 2014 7:28:07 下午 org.eclipse.birt.chart.render.EmptyWithoutAxes renderSeries
INFO: org.eclipse.birt.chart.render.EmptyWithoutAxes: renderSeries() [1/2]
六月 12, 2014 7:28:07 下午 org.eclipse.birt.chart.extension.render.Pie renderSeries
INFO: {0}: renderSeries() [{1}/{2}]org.eclipse.birt.chart.extension.render.Pie22
六月 12, 2014 7:28:07 下午 org.eclipse.birt.chart.extension.render.Pie renderSeries
INFO: {0}: renderSeries() [{1}/{2}]org.eclipse.birt.chart.extension.render.Pie22
六月 12, 2014 7:28:10 下午 org.eclipse.birt.chart.device.swt.SwtRendererImpl setProperty
INFO: Using graphics context org.eclipse.swt.graphics.GC@GC {-436120847}
六月 12, 2014 7:28:10 下午 org.eclipse.birt.chart.device.swt.SwtRendererImpl setProperty
INFO: Using graphics context org.eclipse.swt.graphics.GC@GC {-436120847}
六月 12, 2014 7:28:10 下午 org.eclipse.birt.chart.device.swt.SwtRendererImpl setProperty
INFO: Using graphics context org.eclipse.swt.graphics.GC@GC {-436120847}
六月 12, 2014 7:28:10 下午 org.eclipse.birt.chart.device.swt.SwtRendererImpl setProperty
INFO: Using graphics context org.eclipse.swt.graphics.GC@GC {-436120847}
六月 12, 2014 7:28:10 下午 org.eclipse.birt.chart.script.AbstractScriptHandler register
INFO: Trying to load Chart Java event handler class...
六月 12, 2014 7:28:10 下午 org.eclipse.birt.chart.script.AbstractScriptHandler register
INFO: A Chart Java event handler class [class org.eclipse.mat.impl.chart.StorageUnitRenderScript] has been loaded successfully.
六月 12, 2014 7:28:10 下午 org.eclipse.birt.chart.render.EmptyWithoutAxes renderSeries
INFO: org.eclipse.birt.chart.render.EmptyWithoutAxes: renderSeries() [1/2]
六月 12, 2014 7:28:10 下午 org.eclipse.birt.chart.render.EmptyWithoutAxes renderSeries
INFO: org.eclipse.birt.chart.render.EmptyWithoutAxes: renderSeries() [1/2]
六月 12, 2014 7:28:10 下午 org.eclipse.birt.chart.extension.render.Pie renderSeries
INFO: {0}: renderSeries() [{1}/{2}]org.eclipse.birt.chart.extension.render.Pie22
六月 12, 2014 7:28:10 下午 org.eclipse.birt.chart.extension.render.Pie renderSeries
INFO: {0}: renderSeries() [{1}/{2}]org.eclipse.birt.chart.extension.render.Pie22
六月 12, 2014 7:28:20 下午 org.eclipse.birt.chart.device.swt.SwtRendererImpl setProperty
INFO: Using graphics context org.eclipse.swt.graphics.GC@GC {1325481034}
六月 12, 2014 7:28:20 下午 org.eclipse.birt.chart.device.swt.SwtRendererImpl setProperty
INFO: Using graphics context org.eclipse.swt.graphics.GC@GC {1325481034}
六月 12, 2014 7:28:20 下午 org.eclipse.birt.chart.device.swt.SwtRendererImpl setProperty
INFO: Using graphics context org.eclipse.swt.graphics.GC@GC {1325481034}
六月 12, 2014 7:28:20 下午 org.eclipse.birt.chart.device.swt.SwtRendererImpl setProperty
INFO: Using graphics context org.eclipse.swt.graphics.GC@GC {1325481034}
六月 12, 2014 7:28:21 下午 org.eclipse.birt.chart.script.AbstractScriptHandler register
INFO: Trying to load Chart Java event handler class...
六月 12, 2014 7:28:21 下午 org.eclipse.birt.chart.script.AbstractScriptHandler register
INFO: A Chart Java event handler class [class org.eclipse.mat.impl.chart.StorageUnitRenderScript] has been loaded successfully.
六月 12, 2014 7:28:21 下午 org.eclipse.birt.chart.render.EmptyWithoutAxes renderSeries
INFO: org.eclipse.birt.chart.render.EmptyWithoutAxes: renderSeries() [1/2]
六月 12, 2014 7:28:21 下午 org.eclipse.birt.chart.render.EmptyWithoutAxes renderSeries
INFO: org.eclipse.birt.chart.render.EmptyWithoutAxes: renderSeries() [1/2]
六月 12, 2014 7:28:21 下午 org.eclipse.birt.chart.extension.render.Pie renderSeries
INFO: {0}: renderSeries() [{1}/{2}]org.eclipse.birt.chart.extension.render.Pie22
六月 12, 2014 7:28:21 下午 org.eclipse.birt.chart.extension.render.Pie renderSeries
INFO: {0}: renderSeries() [{1}/{2}]org.eclipse.birt.chart.extension.render.Pie22
六月 12, 2014 7:30:38 下午 org.eclipse.birt.chart.device.swt.SwtDisplayServer <init>
INFO: SWT Display Server: win32 v3,659
六月 12, 2014 7:30:38 下午 org.eclipse.birt.chart.device.swt.SwtDisplayServer <init>
INFO: SWT Display Server: win32 v3,659
六月 12, 2014 7:30:38 下午 org.eclipse.birt.chart.device.swt.SwtDisplayServer <init>
INFO: SWT Display Server: win32 v3,659
六月 12, 2014 7:30:38 下午 org.eclipse.birt.chart.device.swt.SwtDisplayServer <init>
INFO: SWT Display Server: win32 v3,659
六月 12, 2014 7:30:38 下午 org.eclipse.birt.chart.device.swt.SwtRendererImpl setProperty
INFO: Using graphics context org.eclipse.swt.graphics.GC@GC {-972997466}
六月 12, 2014 7:30:38 下午 org.eclipse.birt.chart.device.swt.SwtRendererImpl setProperty
INFO: Using graphics context org.eclipse.swt.graphics.GC@GC {-972997466}
六月 12, 2014 7:30:38 下午 org.eclipse.birt.chart.device.swt.SwtRendererImpl setProperty
INFO: Using graphics context org.eclipse.swt.graphics.GC@GC {-972997466}
六月 12, 2014 7:30:38 下午 org.eclipse.birt.chart.device.swt.SwtRendererImpl setProperty
INFO: Using graphics context org.eclipse.swt.graphics.GC@GC {-972997466}
六月 12, 2014 7:30:38 下午 org.eclipse.birt.chart.script.AbstractScriptHandler register
INFO: Trying to load Chart Java event handler class...
六月 12, 2014 7:30:38 下午 org.eclipse.birt.chart.script.AbstractScriptHandler register
INFO: A Chart Java event handler class [class org.eclipse.mat.impl.chart.StorageUnitRenderScript] has been loaded successfully.
六月 12, 2014 7:30:38 下午 org.eclipse.birt.chart.render.EmptyWithoutAxes renderSeries
INFO: org.eclipse.birt.chart.render.EmptyWithoutAxes: renderSeries() [1/2]
六月 12, 2014 7:30:38 下午 org.eclipse.birt.chart.render.EmptyWithoutAxes renderSeries
INFO: org.eclipse.birt.chart.render.EmptyWithoutAxes: renderSeries() [1/2]
六月 12, 2014 7:30:38 下午 org.eclipse.birt.chart.extension.render.Pie renderSeries
INFO: {0}: renderSeries() [{1}/{2}]org.eclipse.birt.chart.extension.render.Pie22
六月 12, 2014 7:30:38 下午 org.eclipse.birt.chart.extension.render.Pie renderSeries
INFO: {0}: renderSeries() [{1}/{2}]org.eclipse.birt.chart.extension.render.Pie22
六月 12, 2014 8:35:16 下午 org.eclipse.birt.chart.device.swt.SwtDisplayServer <init>
INFO: SWT Display Server: win32 v3,659
六月 12, 2014 8:35:16 下午 org.eclipse.birt.chart.device.swt.SwtDisplayServer <init>
INFO: SWT Display Server: win32 v3,659
六月 12, 2014 8:35:16 下午 org.eclipse.birt.chart.device.swt.SwtDisplayServer <init>
INFO: SWT Display Server: win32 v3,659
六月 12, 2014 8:35:16 下午 org.eclipse.birt.chart.device.swt.SwtDisplayServer <init>
INFO: SWT Display Server: win32 v3,659
六月 12, 2014 8:35:16 下午 org.eclipse.birt.chart.device.swt.SwtRendererImpl setProperty
INFO: Using graphics context org.eclipse.swt.graphics.GC@GC {1157710515}
六月 12, 2014 8:35:16 下午 org.eclipse.birt.chart.device.swt.SwtRendererImpl setProperty
INFO: Using graphics context org.eclipse.swt.graphics.GC@GC {1157710515}
六月 12, 2014 8:35:16 下午 org.eclipse.birt.chart.device.swt.SwtRendererImpl setProperty
INFO: Using graphics context org.eclipse.swt.graphics.GC@GC {1157710515}
六月 12, 2014 8:35:16 下午 org.eclipse.birt.chart.device.swt.SwtRendererImpl setProperty
INFO: Using graphics context org.eclipse.swt.graphics.GC@GC {1157710515}
六月 12, 2014 8:35:16 下午 org.eclipse.birt.chart.script.AbstractScriptHandler register
INFO: Trying to load Chart Java event handler class...
六月 12, 2014 8:35:16 下午 org.eclipse.birt.chart.script.AbstractScriptHandler register
INFO: A Chart Java event handler class [class org.eclipse.mat.impl.chart.StorageUnitRenderScript] has been loaded successfully.
六月 12, 2014 8:35:16 下午 org.eclipse.birt.chart.render.EmptyWithoutAxes renderSeries
INFO: org.eclipse.birt.chart.render.EmptyWithoutAxes: renderSeries() [1/2]
六月 12, 2014 8:35:16 下午 org.eclipse.birt.chart.render.EmptyWithoutAxes renderSeries
INFO: org.eclipse.birt.chart.render.EmptyWithoutAxes: renderSeries() [1/2]
六月 12, 2014 8:35:16 下午 org.eclipse.birt.chart.extension.render.Pie renderSeries
INFO: {0}: renderSeries() [{1}/{2}]org.eclipse.birt.chart.extension.render.Pie22
六月 12, 2014 8:35:16 下午 org.eclipse.birt.chart.extension.render.Pie renderSeries
INFO: {0}: renderSeries() [{1}/{2}]org.eclipse.birt.chart.extension.render.Pie22
六月 12, 2014 8:36:26 下午 org.eclipse.birt.chart.device.swt.SwtDisplayServer <init>
INFO: SWT Display Server: win32 v3,659
六月 12, 2014 8:36:26 下午 org.eclipse.birt.chart.device.swt.SwtDisplayServer <init>
INFO: SWT Display Server: win32 v3,659
六月 12, 2014 8:36:26 下午 org.eclipse.birt.chart.device.swt.SwtDisplayServer <init>
INFO: SWT Display Server: win32 v3,659
六月 12, 2014 8:36:26 下午 org.eclipse.birt.chart.device.swt.SwtDisplayServer <init>
INFO: SWT Display Server: win32 v3,659
六月 12, 2014 8:36:26 下午 org.eclipse.birt.chart.device.swt.SwtRendererImpl setProperty
INFO: Using graphics context org.eclipse.swt.graphics.GC@GC {-1425988290}
六月 12, 2014 8:36:26 下午 org.eclipse.birt.chart.device.swt.SwtRendererImpl setProperty
INFO: Using graphics context org.eclipse.swt.graphics.GC@GC {-1425988290}
六月 12, 2014 8:36:26 下午 org.eclipse.birt.chart.device.swt.SwtRendererImpl setProperty
INFO: Using graphics context org.eclipse.swt.graphics.GC@GC {-1425988290}
六月 12, 2014 8:36:26 下午 org.eclipse.birt.chart.device.swt.SwtRendererImpl setProperty
INFO: Using graphics context org.eclipse.swt.graphics.GC@GC {-1425988290}
六月 12, 2014 8:36:26 下午 org.eclipse.birt.chart.script.AbstractScriptHandler register
INFO: Trying to load Chart Java event handler class...
六月 12, 2014 8:36:26 下午 org.eclipse.birt.chart.script.AbstractScriptHandler register
INFO: A Chart Java event handler class [class org.eclipse.mat.impl.chart.StorageUnitRenderScript] has been loaded successfully.
六月 12, 2014 8:36:26 下午 org.eclipse.birt.chart.render.EmptyWithoutAxes renderSeries
INFO: org.eclipse.birt.chart.render.EmptyWithoutAxes: renderSeries() [1/2]
六月 12, 2014 8:36:26 下午 org.eclipse.birt.chart.render.EmptyWithoutAxes renderSeries
INFO: org.eclipse.birt.chart.render.EmptyWithoutAxes: renderSeries() [1/2]
六月 12, 2014 8:36:26 下午 org.eclipse.birt.chart.extension.render.Pie renderSeries
INFO: {0}: renderSeries() [{1}/{2}]org.eclipse.birt.chart.extension.render.Pie22
六月 12, 2014 8:36:26 下午 org.eclipse.birt.chart.extension.render.Pie renderSeries
INFO: {0}: renderSeries() [{1}/{2}]org.eclipse.birt.chart.extension.render.Pie22
六月 12, 2014 8:40:39 下午 org.eclipse.birt.chart.device.swt.SwtDisplayServer <init>
INFO: SWT Display Server: win32 v3,659
六月 12, 2014 8:40:39 下午 org.eclipse.birt.chart.device.swt.SwtDisplayServer <init>
INFO: SWT Display Server: win32 v3,659
六月 12, 2014 8:40:39 下午 org.eclipse.birt.chart.device.swt.SwtDisplayServer <init>
INFO: SWT Display Server: win32 v3,659
六月 12, 2014 8:40:39 下午 org.eclipse.birt.chart.device.swt.SwtDisplayServer <init>
INFO: SWT Display Server: win32 v3,659
六月 12, 2014 8:40:40 下午 org.eclipse.birt.chart.device.swt.SwtRendererImpl setProperty
INFO: Using graphics context org.eclipse.swt.graphics.GC@GC {-352237449}
六月 12, 2014 8:40:40 下午 org.eclipse.birt.chart.device.swt.SwtRendererImpl setProperty
INFO: Using graphics context org.eclipse.swt.graphics.GC@GC {-352237449}
六月 12, 2014 8:40:40 下午 org.eclipse.birt.chart.device.swt.SwtRendererImpl setProperty
INFO: Using graphics context org.eclipse.swt.graphics.GC@GC {-352237449}
六月 12, 2014 8:40:40 下午 org.eclipse.birt.chart.device.swt.SwtRendererImpl setProperty
INFO: Using graphics context org.eclipse.swt.graphics.GC@GC {-352237449}
六月 12, 2014 8:40:40 下午 org.eclipse.birt.chart.script.AbstractScriptHandler register
INFO: Trying to load Chart Java event handler class...
六月 12, 2014 8:40:40 下午 org.eclipse.birt.chart.script.AbstractScriptHandler register
INFO: A Chart Java event handler class [class org.eclipse.mat.impl.chart.StorageUnitRenderScript] has been loaded successfully.
六月 12, 2014 8:40:40 下午 org.eclipse.birt.chart.render.EmptyWithoutAxes renderSeries
INFO: org.eclipse.birt.chart.render.EmptyWithoutAxes: renderSeries() [1/2]
六月 12, 2014 8:40:40 下午 org.eclipse.birt.chart.render.EmptyWithoutAxes renderSeries
INFO: org.eclipse.birt.chart.render.EmptyWithoutAxes: renderSeries() [1/2]
六月 12, 2014 8:40:40 下午 org.eclipse.birt.chart.extension.render.Pie renderSeries
INFO: {0}: renderSeries() [{1}/{2}]org.eclipse.birt.chart.extension.render.Pie22
六月 12, 2014 8:40:40 下午 org.eclipse.birt.chart.extension.render.Pie renderSeries
INFO: {0}: renderSeries() [{1}/{2}]org.eclipse.birt.chart.extension.render.Pie22
